0 verbose cli /opt/homebrew/Cellar/node/22.5.1/bin/node /opt/homebrew/bin/npm
1 info using npm@10.9.0
2 info using node@v22.5.1
3 silly config load:file:/opt/homebrew/lib/node_modules/npm/npmrc
4 silly config load:file:/Users/timodiepers/Documents/Coding/grid-expansion-impacts-explorer/.npmrc
5 silly config load:file:/Users/timodiepers/.npmrc
6 silly config load:file:/opt/homebrew/etc/npmrc
7 verbose title npm install @types/d3-sankey@0.12.5
8 verbose argv "install" "--save-dev" "@types/d3-sankey@0.12.5" "--cache" "./.npm-cache"
9 verbose logfile logs-max:10 dir:/Users/timodiepers/Documents/Coding/grid-expansion-impacts-explorer/.npm-cache/_logs/2025-12-01T08_29_34_667Z-
10 verbose logfile /Users/timodiepers/Documents/Coding/grid-expansion-impacts-explorer/.npm-cache/_logs/2025-12-01T08_29_34_667Z-debug-0.log
11 silly logfile done cleaning log files
12 silly packumentCache heap:4345298944 maxSize:1086324736 maxEntrySize:543162368
13 silly idealTree buildDeps
14 silly fetch manifest @types/d3-sankey@0.12.5
15 silly packumentCache full:https://registry.npmjs.org/@types%2fd3-sankey cache-miss
16 http fetch GET 200 https://registry.npmjs.org/npm 205ms
17 http fetch GET 200 https://registry.npmjs.org/@types%2fd3-sankey 147ms (cache miss)
18 silly packumentCache full:https://registry.npmjs.org/@types%2fd3-sankey set size:undefined disposed:false
19 silly placeDep ROOT @types/d3-sankey@0.12.5 OK for: webapp@0.0.0 want: 0.12.5
20 silly fetch manifest @types/d3-shape@^1
21 silly packumentCache full:https://registry.npmjs.org/@types%2fd3-shape cache-miss
22 http fetch GET 200 https://registry.npmjs.org/@types%2fd3-shape 73ms (cache miss)
23 silly packumentCache full:https://registry.npmjs.org/@types%2fd3-shape set size:undefined disposed:false
24 silly placeDep node_modules/@types/d3-sankey @types/d3-shape@1.3.12 OK for: @types/d3-sankey@0.12.5 want: ^1
25 silly fetch manifest @types/d3-path@^1
26 silly packumentCache full:https://registry.npmjs.org/@types%2fd3-path cache-miss
27 http fetch GET 200 https://registry.npmjs.org/@types%2fd3-path 42ms (cache miss)
28 silly packumentCache full:https://registry.npmjs.org/@types%2fd3-path set size:undefined disposed:false
29 silly placeDep node_modules/@types/d3-sankey @types/d3-path@1.0.11 OK for: @types/d3-shape@1.3.12 want: ^1
30 warn EBADENGINE Unsupported engine {
30 warn EBADENGINE   package: '@vitejs/plugin-react@5.1.1',
30 warn EBADENGINE   required: { node: '^20.19.0 || >=22.12.0' },
30 warn EBADENGINE   current: { node: 'v22.5.1', npm: '10.9.0' }
30 warn EBADENGINE }
31 warn EBADENGINE Unsupported engine {
31 warn EBADENGINE   package: 'vite@7.2.4',
31 warn EBADENGINE   required: { node: '^20.19.0 || >=22.12.0' },
31 warn EBADENGINE   current: { node: 'v22.5.1', npm: '10.9.0' }
31 warn EBADENGINE }
32 silly reify moves {}
33 verbose reify failed optional dependency /Users/timodiepers/Documents/Coding/grid-expansion-impacts-explorer/node_modules/@tailwindcss/oxide-wasm32-wasi
34 silly reify mark deleted [
34 silly reify   '/Users/timodiepers/Documents/Coding/grid-expansion-impacts-explorer/node_modules/@tailwindcss/oxide-wasm32-wasi'
34 silly reify ]
35 silly audit bulk request {
35 silly audit   '@babel/code-frame': [ '7.27.1' ],
35 silly audit   '@babel/compat-data': [ '7.28.5' ],
35 silly audit   '@babel/core': [ '7.28.5' ],
35 silly audit   '@babel/generator': [ '7.28.5' ],
35 silly audit   '@babel/helper-compilation-targets': [ '7.27.2' ],
35 silly audit   '@babel/helper-globals': [ '7.28.0' ],
35 silly audit   '@babel/helper-module-imports': [ '7.27.1' ],
35 silly audit   '@babel/helper-module-transforms': [ '7.28.3' ],
35 silly audit   '@babel/helper-plugin-utils': [ '7.27.1' ],
35 silly audit   '@babel/helper-string-parser': [ '7.27.1' ],
35 silly audit   '@babel/helper-validator-identifier': [ '7.28.5' ],
35 silly audit   '@babel/helper-validator-option': [ '7.27.1' ],
35 silly audit   '@babel/helpers': [ '7.28.4' ],
35 silly audit   '@babel/parser': [ '7.28.5' ],
35 silly audit   '@babel/plugin-transform-react-jsx-self': [ '7.27.1' ],
35 silly audit   '@babel/plugin-transform-react-jsx-source': [ '7.27.1' ],
35 silly audit   '@babel/template': [ '7.27.2' ],
35 silly audit   '@babel/traverse': [ '7.28.5' ],
35 silly audit   '@babel/types': [ '7.28.5' ],
35 silly audit   '@esbuild/aix-ppc64': [ '0.25.12' ],
35 silly audit   '@esbuild/android-arm': [ '0.25.12' ],
35 silly audit   '@esbuild/android-arm64': [ '0.25.12' ],
35 silly audit   '@esbuild/android-x64': [ '0.25.12' ],
35 silly audit   '@esbuild/darwin-arm64': [ '0.25.12' ],
35 silly audit   '@esbuild/darwin-x64': [ '0.25.12' ],
35 silly audit   '@esbuild/freebsd-arm64': [ '0.25.12' ],
35 silly audit   '@esbuild/freebsd-x64': [ '0.25.12' ],
35 silly audit   '@esbuild/linux-arm': [ '0.25.12' ],
35 silly audit   '@esbuild/linux-arm64': [ '0.25.12' ],
35 silly audit   '@esbuild/linux-ia32': [ '0.25.12' ],
35 silly audit   '@esbuild/linux-loong64': [ '0.25.12' ],
35 silly audit   '@esbuild/linux-mips64el': [ '0.25.12' ],
35 silly audit   '@esbuild/linux-ppc64': [ '0.25.12' ],
35 silly audit   '@esbuild/linux-riscv64': [ '0.25.12' ],
35 silly audit   '@esbuild/linux-s390x': [ '0.25.12' ],
35 silly audit   '@esbuild/linux-x64': [ '0.25.12' ],
35 silly audit   '@esbuild/netbsd-arm64': [ '0.25.12' ],
35 silly audit   '@esbuild/netbsd-x64': [ '0.25.12' ],
35 silly audit   '@esbuild/openbsd-arm64': [ '0.25.12' ],
35 silly audit   '@esbuild/openbsd-x64': [ '0.25.12' ],
35 silly audit   '@esbuild/openharmony-arm64': [ '0.25.12' ],
35 silly audit   '@esbuild/sunos-x64': [ '0.25.12' ],
35 silly audit   '@esbuild/win32-arm64': [ '0.25.12' ],
35 silly audit   '@esbuild/win32-ia32': [ '0.25.12' ],
35 silly audit   '@esbuild/win32-x64': [ '0.25.12' ],
35 silly audit   '@eslint-community/eslint-utils': [ '4.9.0' ],
35 silly audit   'eslint-visitor-keys': [ '3.4.3', '4.2.1' ],
35 silly audit   '@eslint-community/regexpp': [ '4.12.2' ],
35 silly audit   '@eslint/config-array': [ '0.21.1' ],
35 silly audit   '@eslint/config-helpers': [ '0.4.2' ],
35 silly audit   '@eslint/core': [ '0.17.0' ],
35 silly audit   '@eslint/eslintrc': [ '3.3.3' ],
35 silly audit   globals: [ '14.0.0', '16.5.0' ],
35 silly audit   '@eslint/js': [ '9.39.1' ],
35 silly audit   '@eslint/object-schema': [ '2.1.7' ],
35 silly audit   '@eslint/plugin-kit': [ '0.4.1' ],
35 silly audit   '@floating-ui/core': [ '1.7.3' ],
35 silly audit   '@floating-ui/dom': [ '1.7.4' ],
35 silly audit   '@floating-ui/react-dom': [ '2.1.6' ],
35 silly audit   '@floating-ui/utils': [ '0.2.10' ],
35 silly audit   '@humanfs/core': [ '0.19.1' ],
35 silly audit   '@humanfs/node': [ '0.16.7' ],
35 silly audit   '@humanwhocodes/module-importer': [ '1.0.1' ],
35 silly audit   '@humanwhocodes/retry': [ '0.4.3' ],
35 silly audit   '@jridgewell/gen-mapping': [ '0.3.13' ],
35 silly audit   '@jridgewell/remapping': [ '2.3.5' ],
35 silly audit   '@jridgewell/resolve-uri': [ '3.1.2' ],
35 silly audit   '@jridgewell/sourcemap-codec': [ '1.5.5' ],
35 silly audit   '@jridgewell/trace-mapping': [ '0.3.31' ],
35 silly audit   '@radix-ui/number': [ '1.1.1' ],
35 silly audit   '@radix-ui/primitive': [ '1.1.3' ],
35 silly audit   '@radix-ui/react-accordion': [ '1.2.12' ],
35 silly audit   '@radix-ui/react-arrow': [ '1.1.7' ],
35 silly audit   '@radix-ui/react-collapsible': [ '1.1.12' ],
35 silly audit   '@radix-ui/react-collection': [ '1.1.7' ],
35 silly audit   '@radix-ui/react-slot': [ '1.2.3', '1.2.4' ],
35 silly audit   '@radix-ui/react-compose-refs': [ '1.1.2' ],
35 silly audit   '@radix-ui/react-context': [ '1.1.2' ],
35 silly audit   '@radix-ui/react-direction': [ '1.1.1' ],
35 silly audit   '@radix-ui/react-dismissable-layer': [ '1.1.11' ],
35 silly audit   '@radix-ui/react-dropdown-menu': [ '2.1.16' ],
35 silly audit   '@radix-ui/react-focus-guards': [ '1.1.3' ],
35 silly audit   '@radix-ui/react-focus-scope': [ '1.1.7' ],
35 silly audit   '@radix-ui/react-id': [ '1.1.1' ],
35 silly audit   '@radix-ui/react-menu': [ '2.1.16' ],
35 silly audit   '@radix-ui/react-popper': [ '1.2.8' ],
35 silly audit   '@radix-ui/react-portal': [ '1.1.9' ],
35 silly audit   '@radix-ui/react-presence': [ '1.1.5' ],
35 silly audit   '@radix-ui/react-primitive': [ '2.1.3', '2.1.4' ],
35 silly audit   '@radix-ui/react-roving-focus': [ '1.1.11' ],
35 silly audit   '@radix-ui/react-select': [ '2.2.6' ],
35 silly audit   '@radix-ui/react-separator': [ '1.1.8' ],
35 silly audit   '@radix-ui/react-slider': [ '1.3.6' ],
35 silly audit   '@radix-ui/react-switch': [ '1.2.6' ],
35 silly audit   '@radix-ui/react-toggle': [ '1.1.10' ],
35 silly audit   '@radix-ui/react-toggle-group': [ '1.1.11' ],
35 silly audit   '@radix-ui/react-tooltip': [ '1.2.8' ],
35 silly audit   '@radix-ui/react-use-callback-ref': [ '1.1.1' ],
35 silly audit   '@radix-ui/react-use-controllable-state': [ '1.2.2' ],
35 silly audit   '@radix-ui/react-use-effect-event': [ '0.0.2' ],
35 silly audit   '@radix-ui/react-use-escape-keydown': [ '1.1.1' ],
35 silly audit   '@radix-ui/react-use-layout-effect': [ '1.1.1' ],
35 silly audit   '@radix-ui/react-use-previous': [ '1.1.1' ],
35 silly audit   '@radix-ui/react-use-rect': [ '1.1.1' ],
35 silly audit   '@radix-ui/react-use-size': [ '1.1.1' ],
35 silly audit   '@radix-ui/react-visually-hidden': [ '1.2.3' ],
35 silly audit   '@radix-ui/rect': [ '1.1.1' ],
35 silly audit   '@reduxjs/toolkit': [ '2.11.0' ],
35 silly audit   immer: [ '11.0.1', '10.2.0' ],
35 silly audit   '@rolldown/pluginutils': [ '1.0.0-beta.47' ],
35 silly audit   '@rollup/rollup-android-arm-eabi': [ '4.53.3' ],
35 silly audit   '@rollup/rollup-android-arm64': [ '4.53.3' ],
35 silly audit   '@rollup/rollup-darwin-arm64': [ '4.53.3' ],
35 silly audit   '@rollup/rollup-darwin-x64': [ '4.53.3' ],
35 silly audit   '@rollup/rollup-freebsd-arm64': [ '4.53.3' ],
35 silly audit   '@rollup/rollup-freebsd-x64': [ '4.53.3' ],
35 silly audit   '@rollup/rollup-linux-arm-gnueabihf': [ '4.53.3' ],
35 silly audit   '@rollup/rollup-linux-arm-musleabihf': [ '4.53.3' ],
35 silly audit   '@rollup/rollup-linux-arm64-gnu': [ '4.53.3' ],
35 silly audit   '@rollup/rollup-linux-arm64-musl': [ '4.53.3' ],
35 silly audit   '@rollup/rollup-linux-loong64-gnu': [ '4.53.3' ],
35 silly audit   '@rollup/rollup-linux-ppc64-gnu': [ '4.53.3' ],
35 silly audit   '@rollup/rollup-linux-riscv64-gnu': [ '4.53.3' ],
35 silly audit   '@rollup/rollup-linux-riscv64-musl': [ '4.53.3' ],
35 silly audit   '@rollup/rollup-linux-s390x-gnu': [ '4.53.3' ],
35 silly audit   '@rollup/rollup-linux-x64-gnu': [ '4.53.3' ],
35 silly audit   '@rollup/rollup-linux-x64-musl': [ '4.53.3' ],
35 silly audit   '@rollup/rollup-openharmony-arm64': [ '4.53.3' ],
35 silly audit   '@rollup/rollup-win32-arm64-msvc': [ '4.53.3' ],
35 silly audit   '@rollup/rollup-win32-ia32-msvc': [ '4.53.3' ],
35 silly audit   '@rollup/rollup-win32-x64-gnu': [ '4.53.3' ],
35 silly audit   '@rollup/rollup-win32-x64-msvc': [ '4.53.3' ],
35 silly audit   '@standard-schema/spec': [ '1.0.0' ],
35 silly audit   '@standard-schema/utils': [ '0.3.0' ],
35 silly audit   '@tailwindcss/node': [ '4.1.17' ],
35 silly audit   '@tailwindcss/oxide': [ '4.1.17' ],
35 silly audit   '@tailwindcss/oxide-android-arm64': [ '4.1.17' ],
35 silly audit   '@tailwindcss/oxide-darwin-arm64': [ '4.1.17' ],
35 silly audit   '@tailwindcss/oxide-darwin-x64': [ '4.1.17' ],
35 silly audit   '@tailwindcss/oxide-freebsd-x64': [ '4.1.17' ],
35 silly audit   '@tailwindcss/oxide-linux-arm-gnueabihf': [ '4.1.17' ],
35 silly audit   '@tailwindcss/oxide-linux-arm64-gnu': [ '4.1.17' ],
35 silly audit   '@tailwindcss/oxide-linux-arm64-musl': [ '4.1.17' ],
35 silly audit   '@tailwindcss/oxide-linux-x64-gnu': [ '4.1.17' ],
35 silly audit   '@tailwindcss/oxide-linux-x64-musl': [ '4.1.17' ],
35 silly audit   '@tailwindcss/oxide-win32-arm64-msvc': [ '4.1.17' ],
35 silly audit   '@tailwindcss/oxide-win32-x64-msvc': [ '4.1.17' ],
35 silly audit   '@tailwindcss/vite': [ '4.1.17' ],
35 silly audit   '@types/babel__core': [ '7.20.5' ],
35 silly audit   '@types/babel__generator': [ '7.27.0' ],
35 silly audit   '@types/babel__template': [ '7.4.4' ],
35 silly audit   '@types/babel__traverse': [ '7.28.0' ],
35 silly audit   '@types/d3-array': [ '3.2.2' ],
35 silly audit   '@types/d3-color': [ '3.1.3' ],
35 silly audit   '@types/d3-ease': [ '3.0.2' ],
35 silly audit   '@types/d3-interpolate': [ '3.0.4' ],
35 silly audit   '@types/d3-path': [ '3.1.1', '1.0.11' ],
35 silly audit   '@types/d3-scale': [ '4.0.9' ],
35 silly audit   '@types/d3-shape': [ '3.1.7', '1.3.12' ],
35 silly audit   '@types/d3-time': [ '3.0.4' ],
35 silly audit   '@types/d3-timer': [ '3.0.2' ],
35 silly audit   '@types/estree': [ '1.0.8' ],
35 silly audit   '@types/json-schema': [ '7.0.15' ],
35 silly audit   '@types/node': [ '24.10.1' ],
35 silly audit   '@types/react': [ '19.2.7' ],
35 silly audit   '@types/react-dom': [ '19.2.3' ],
35 silly audit   '@types/use-sync-external-store': [ '0.0.6' ],
35 silly audit   '@typescript-eslint/eslint-plugin': [ '8.48.0' ],
35 silly audit   ignore: [ '7.0.5', '5.3.2' ],
35 silly audit   '@typescript-eslint/parser': [ '8.48.0' ],
35 silly audit   '@typescript-eslint/project-service': [ '8.48.0' ],
35 silly audit   '@typescript-eslint/scope-manager': [ '8.48.0' ],
35 silly audit   '@typescript-eslint/tsconfig-utils': [ '8.48.0' ],
35 silly audit   '@typescript-eslint/type-utils': [ '8.48.0' ],
35 silly audit   '@typescript-eslint/types': [ '8.48.0' ],
35 silly audit   '@typescript-eslint/typescript-estree': [ '8.48.0' ],
35 silly audit   'brace-expansion': [ '2.0.2', '1.1.12' ],
35 silly audit   minimatch: [ '9.0.5', '3.1.2' ],
35 silly audit   semver: [ '7.7.3', '6.3.1' ],
35 silly audit   '@typescript-eslint/utils': [ '8.48.0' ],
35 silly audit   '@typescript-eslint/visitor-keys': [ '8.48.0' ],
35 silly audit   '@vitejs/plugin-react': [ '5.1.1' ],
35 silly audit   acorn: [ '8.15.0' ],
35 silly audit   'acorn-jsx': [ '5.3.2' ],
35 silly audit   ajv: [ '6.12.6' ],
35 silly audit   'ansi-styles': [ '4.3.0' ],
35 silly audit   argparse: [ '2.0.1' ],
35 silly audit   'aria-hidden': [ '1.2.6' ],
35 silly audit   'balanced-match': [ '1.0.2' ],
35 silly audit   'baseline-browser-mapping': [ '2.8.32' ],
35 silly audit   browserslist: [ '4.28.0' ],
35 silly audit   callsites: [ '3.1.0' ],
35 silly audit   'caniuse-lite': [ '1.0.30001757' ],
35 silly audit   chalk: [ '4.1.2' ],
35 silly audit   'class-variance-authority': [ '0.7.1' ],
35 silly audit   clsx: [ '2.1.1' ],
35 silly audit   'color-convert': [ '2.0.1' ],
35 silly audit   'color-name': [ '1.1.4' ],
35 silly audit   'concat-map': [ '0.0.1' ],
35 silly audit   'convert-source-map': [ '2.0.0' ],
35 silly audit   'cross-spawn': [ '7.0.6' ],
35 silly audit   csstype: [ '3.2.3' ],
35 silly audit   'd3-array': [ '3.2.4', '2.12.1' ],
35 silly audit   'd3-color': [ '3.1.0' ],
35 silly audit   'd3-ease': [ '3.0.1' ],
35 silly audit   'd3-format': [ '3.1.0' ],
35 silly audit   'd3-interpolate': [ '3.0.1' ],
35 silly audit   'd3-path': [ '3.1.0', '1.0.9' ],
35 silly audit   'd3-sankey': [ '0.12.3' ],
35 silly audit   'd3-shape': [ '1.3.7', '3.2.0' ],
35 silly audit   internmap: [ '1.0.1', '2.0.3' ],
35 silly audit   'd3-scale': [ '4.0.2' ],
35 silly audit   'd3-time': [ '3.1.0' ],
35 silly audit   'd3-time-format': [ '4.1.0' ],
35 silly audit   'd3-timer': [ '3.0.1' ],
35 silly audit   debug: [ '4.4.3' ],
35 silly audit   'decimal.js-light': [ '2.5.1' ],
35 silly audit   'deep-is': [ '0.1.4' ],
35 silly audit   'detect-libc': [ '2.1.2' ],
35 silly audit   'detect-node-es': [ '1.1.0' ],
35 silly audit   'electron-to-chromium': [ '1.5.262' ],
35 silly audit   'enhanced-resolve': [ '5.18.3' ],
35 silly audit   'es-toolkit': [ '1.42.0' ],
35 silly audit   esbuild: [ '0.25.12' ],
35 silly audit   escalade: [ '3.2.0' ],
35 silly audit   'escape-string-regexp': [ '4.0.0' ],
35 silly audit   eslint: [ '9.39.1' ],
35 silly audit   'eslint-plugin-react-hooks': [ '7.0.1' ],
35 silly audit   'eslint-plugin-react-refresh': [ '0.4.24' ],
35 silly audit   'eslint-scope': [ '8.4.0' ],
35 silly audit   espree: [ '10.4.0' ],
35 silly audit   esquery: [ '1.6.0' ],
35 silly audit   esrecurse: [ '4.3.0' ],
35 silly audit   estraverse: [ '5.3.0' ],
35 silly audit   esutils: [ '2.0.3' ],
35 silly audit   eventemitter3: [ '5.0.1' ],
35 silly audit   'fast-deep-equal': [ '3.1.3' ],
35 silly audit   'fast-json-stable-stringify': [ '2.1.0' ],
35 silly audit   'fast-levenshtein': [ '2.0.6' ],
35 silly audit   fdir: [ '6.5.0' ],
35 silly audit   'file-entry-cache': [ '8.0.0' ],
35 silly audit   'find-up': [ '5.0.0' ],
35 silly audit   'flat-cache': [ '4.0.1' ],
35 silly audit   flatted: [ '3.3.3' ],
35 silly audit   'framer-motion': [ '12.23.24' ],
35 silly audit   fsevents: [ '2.3.3' ],
35 silly audit   gensync: [ '1.0.0-beta.2' ],
35 silly audit   'get-nonce': [ '1.0.1' ],
35 silly audit   'glob-parent': [ '6.0.2' ],
35 silly audit   'graceful-fs': [ '4.2.11' ],
35 silly audit   graphemer: [ '1.4.0' ],
35 silly audit   'has-flag': [ '4.0.0' ],
35 silly audit   'hermes-estree': [ '0.25.1' ],
35 silly audit   'hermes-parser': [ '0.25.1' ],
35 silly audit   'import-fresh': [ '3.3.1' ],
35 silly audit   imurmurhash: [ '0.1.4' ],
35 silly audit   'is-extglob': [ '2.1.1' ],
35 silly audit   'is-glob': [ '4.0.3' ],
35 silly audit   isexe: [ '2.0.0' ],
35 silly audit   jiti: [ '2.6.1' ],
35 silly audit   'js-tokens': [ '4.0.0' ],
35 silly audit   'js-yaml': [ '4.1.1' ],
35 silly audit   jsesc: [ '3.1.0' ],
35 silly audit   'json-buffer': [ '3.0.1' ],
35 silly audit   'json-schema-traverse': [ '0.4.1' ],
35 silly audit   'json-stable-stringify-without-jsonify': [ '1.0.1' ],
35 silly audit   json5: [ '2.2.3' ],
35 silly audit   keyv: [ '4.5.4' ],
35 silly audit   levn: [ '0.4.1' ],
35 silly audit   lightningcss: [ '1.30.2' ],
35 silly audit   'lightningcss-android-arm64': [ '1.30.2' ],
35 silly audit   'lightningcss-darwin-arm64': [ '1.30.2' ],
35 silly audit   'lightningcss-darwin-x64': [ '1.30.2' ],
35 silly audit   'lightningcss-freebsd-x64': [ '1.30.2' ],
35 silly audit   'lightningcss-linux-arm-gnueabihf': [ '1.30.2' ],
35 silly audit   'lightningcss-linux-arm64-gnu': [ '1.30.2' ],
35 silly audit   'lightningcss-linux-arm64-musl': [ '1.30.2' ],
35 silly audit   'lightningcss-linux-x64-gnu': [ '1.30.2' ],
35 silly audit   'lightningcss-linux-x64-musl': [ '1.30.2' ],
35 silly audit   'lightningcss-win32-arm64-msvc': [ '1.30.2' ],
35 silly audit   'lightningcss-win32-x64-msvc': [ '1.30.2' ],
35 silly audit   'locate-path': [ '6.0.0' ],
35 silly audit   'lodash.merge': [ '4.6.2' ],
35 silly audit   'lru-cache': [ '5.1.1' ],
35 silly audit   'lucide-react': [ '0.555.0' ],
35 silly audit   'magic-string': [ '0.30.21' ],
35 silly audit   'motion-dom': [ '12.23.23' ],
35 silly audit   'motion-utils': [ '12.23.6' ],
35 silly audit   ms: [ '2.1.3' ],
35 silly audit   nanoid: [ '3.3.11' ],
35 silly audit   'natural-compare': [ '1.4.0' ],
35 silly audit   'node-releases': [ '2.0.27' ],
35 silly audit   optionator: [ '0.9.4' ],
35 silly audit   'p-limit': [ '3.1.0' ],
35 silly audit   'p-locate': [ '5.0.0' ],
35 silly audit   'parent-module': [ '1.0.1' ],
35 silly audit   'path-exists': [ '4.0.0' ],
35 silly audit   'path-key': [ '3.1.1' ],
35 silly audit   picocolors: [ '1.1.1' ],
35 silly audit   picomatch: [ '4.0.3' ],
35 silly audit   postcss: [ '8.5.6' ],
35 silly audit   'prelude-ls': [ '1.2.1' ],
35 silly audit   punycode: [ '2.3.1' ],
35 silly audit   react: [ '19.2.0' ],
35 silly audit   'react-dom': [ '19.2.0' ],
35 silly audit   'react-is': [ '19.2.0' ],
35 silly audit   'react-redux': [ '9.2.0' ],
35 silly audit   'react-refresh': [ '0.18.0' ],
35 silly audit   'react-remove-scroll': [ '2.7.1' ],
35 silly audit   'react-remove-scroll-bar': [ '2.3.8' ],
35 silly audit   'react-style-singleton': [ '2.2.3' ],
35 silly audit   recharts: [ '3.5.1' ],
35 silly audit   redux: [ '5.0.1' ],
35 silly audit   'redux-thunk': [ '3.1.0' ],
35 silly audit   reselect: [ '5.1.1' ],
35 silly audit   'resolve-from': [ '4.0.0' ],
35 silly audit   rollup: [ '4.53.3' ],
35 silly audit   scheduler: [ '0.27.0' ],
35 silly audit   'shebang-command': [ '2.0.0' ],
35 silly audit   'shebang-regex': [ '3.0.0' ],
35 silly audit   'source-map-js': [ '1.2.1' ],
35 silly audit   'strip-json-comments': [ '3.1.1' ],
35 silly audit   'supports-color': [ '7.2.0' ],
35 silly audit   'tailwind-merge': [ '3.4.0' ],
35 silly audit   tailwindcss: [ '4.1.17' ],
35 silly audit   tapable: [ '2.3.0' ],
35 silly audit   'tiny-invariant': [ '1.3.3' ],
35 silly audit   tinyglobby: [ '0.2.15' ],
35 silly audit   'ts-api-utils': [ '2.1.0' ],
35 silly audit   tslib: [ '2.8.1' ],
35 silly audit   'type-check': [ '0.4.0' ],
35 silly audit   typescript: [ '5.9.3' ],
35 silly audit   'typescript-eslint': [ '8.48.0' ],
35 silly audit   'undici-types': [ '7.16.0' ],
35 silly audit   'update-browserslist-db': [ '1.1.4' ],
35 silly audit   'uri-js': [ '4.4.1' ],
35 silly audit   'use-callback-ref': [ '1.3.3' ],
35 silly audit   'use-sidecar': [ '1.1.3' ],
35 silly audit   'use-sync-external-store': [ '1.6.0' ],
35 silly audit   'victory-vendor': [ '37.3.6' ],
35 silly audit   vite: [ '7.2.4' ],
35 silly audit   which: [ '2.0.2' ],
35 silly audit   'word-wrap': [ '1.2.5' ],
35 silly audit   yallist: [ '3.1.1' ],
35 silly audit   'yocto-queue': [ '0.1.0' ],
35 silly audit   zod: [ '4.1.13' ],
35 silly audit   'zod-validation-error': [ '4.0.2' ],
35 silly audit   '@types/d3-sankey': [ '0.12.5' ],
35 silly audit   '@tailwindcss/oxide-wasm32-wasi': [ '4.1.17' ]
35 silly audit }
36 verbose reify failed optional dependency /Users/timodiepers/Documents/Coding/grid-expansion-impacts-explorer/node_modules/lightningcss-win32-x64-msvc
37 silly reify mark deleted [
37 silly reify   '/Users/timodiepers/Documents/Coding/grid-expansion-impacts-explorer/node_modules/lightningcss-win32-x64-msvc'
37 silly reify ]
38 verbose reify failed optional dependency /Users/timodiepers/Documents/Coding/grid-expansion-impacts-explorer/node_modules/lightningcss-win32-arm64-msvc
39 silly reify mark deleted [
39 silly reify   '/Users/timodiepers/Documents/Coding/grid-expansion-impacts-explorer/node_modules/lightningcss-win32-arm64-msvc'
39 silly reify ]
40 verbose reify failed optional dependency /Users/timodiepers/Documents/Coding/grid-expansion-impacts-explorer/node_modules/lightningcss-linux-x64-musl
41 silly reify mark deleted [
41 silly reify   '/Users/timodiepers/Documents/Coding/grid-expansion-impacts-explorer/node_modules/lightningcss-linux-x64-musl'
41 silly reify ]
42 verbose reify failed optional dependency /Users/timodiepers/Documents/Coding/grid-expansion-impacts-explorer/node_modules/lightningcss-linux-x64-gnu
43 silly reify mark deleted [
43 silly reify   '/Users/timodiepers/Documents/Coding/grid-expansion-impacts-explorer/node_modules/lightningcss-linux-x64-gnu'
43 silly reify ]
44 verbose reify failed optional dependency /Users/timodiepers/Documents/Coding/grid-expansion-impacts-explorer/node_modules/lightningcss-linux-arm64-musl
45 silly reify mark deleted [
45 silly reify   '/Users/timodiepers/Documents/Coding/grid-expansion-impacts-explorer/node_modules/lightningcss-linux-arm64-musl'
45 silly reify ]
46 verbose reify failed optional dependency /Users/timodiepers/Documents/Coding/grid-expansion-impacts-explorer/node_modules/lightningcss-linux-arm64-gnu
47 silly reify mark deleted [
47 silly reify   '/Users/timodiepers/Documents/Coding/grid-expansion-impacts-explorer/node_modules/lightningcss-linux-arm64-gnu'
47 silly reify ]
48 verbose reify failed optional dependency /Users/timodiepers/Documents/Coding/grid-expansion-impacts-explorer/node_modules/lightningcss-linux-arm-gnueabihf
49 silly reify mark deleted [
49 silly reify   '/Users/timodiepers/Documents/Coding/grid-expansion-impacts-explorer/node_modules/lightningcss-linux-arm-gnueabihf'
49 silly reify ]
50 verbose reify failed optional dependency /Users/timodiepers/Documents/Coding/grid-expansion-impacts-explorer/node_modules/lightningcss-freebsd-x64
51 silly reify mark deleted [
51 silly reify   '/Users/timodiepers/Documents/Coding/grid-expansion-impacts-explorer/node_modules/lightningcss-freebsd-x64'
51 silly reify ]
52 verbose reify failed optional dependency /Users/timodiepers/Documents/Coding/grid-expansion-impacts-explorer/node_modules/lightningcss-darwin-x64
53 silly reify mark deleted [
53 silly reify   '/Users/timodiepers/Documents/Coding/grid-expansion-impacts-explorer/node_modules/lightningcss-darwin-x64'
53 silly reify ]
54 verbose reify failed optional dependency /Users/timodiepers/Documents/Coding/grid-expansion-impacts-explorer/node_modules/lightningcss-android-arm64
55 silly reify mark deleted [
55 silly reify   '/Users/timodiepers/Documents/Coding/grid-expansion-impacts-explorer/node_modules/lightningcss-android-arm64'
55 silly reify ]
56 verbose reify failed optional dependency /Users/timodiepers/Documents/Coding/grid-expansion-impacts-explorer/node_modules/@tailwindcss/oxide-win32-x64-msvc
57 silly reify mark deleted [
57 silly reify   '/Users/timodiepers/Documents/Coding/grid-expansion-impacts-explorer/node_modules/@tailwindcss/oxide-win32-x64-msvc'
57 silly reify ]
58 verbose reify failed optional dependency /Users/timodiepers/Documents/Coding/grid-expansion-impacts-explorer/node_modules/@tailwindcss/oxide-win32-arm64-msvc
59 silly reify mark deleted [
59 silly reify   '/Users/timodiepers/Documents/Coding/grid-expansion-impacts-explorer/node_modules/@tailwindcss/oxide-win32-arm64-msvc'
59 silly reify ]
60 verbose reify failed optional dependency /Users/timodiepers/Documents/Coding/grid-expansion-impacts-explorer/node_modules/@tailwindcss/oxide-linux-x64-musl
61 silly reify mark deleted [
61 silly reify   '/Users/timodiepers/Documents/Coding/grid-expansion-impacts-explorer/node_modules/@tailwindcss/oxide-linux-x64-musl'
61 silly reify ]
62 verbose reify failed optional dependency /Users/timodiepers/Documents/Coding/grid-expansion-impacts-explorer/node_modules/@tailwindcss/oxide-linux-x64-gnu
63 silly reify mark deleted [
63 silly reify   '/Users/timodiepers/Documents/Coding/grid-expansion-impacts-explorer/node_modules/@tailwindcss/oxide-linux-x64-gnu'
63 silly reify ]
64 verbose reify failed optional dependency /Users/timodiepers/Documents/Coding/grid-expansion-impacts-explorer/node_modules/@tailwindcss/oxide-linux-arm64-musl
65 silly reify mark deleted [
65 silly reify   '/Users/timodiepers/Documents/Coding/grid-expansion-impacts-explorer/node_modules/@tailwindcss/oxide-linux-arm64-musl'
65 silly reify ]
66 verbose reify failed optional dependency /Users/timodiepers/Documents/Coding/grid-expansion-impacts-explorer/node_modules/@tailwindcss/oxide-linux-arm64-gnu
67 silly reify mark deleted [
67 silly reify   '/Users/timodiepers/Documents/Coding/grid-expansion-impacts-explorer/node_modules/@tailwindcss/oxide-linux-arm64-gnu'
67 silly reify ]
68 verbose reify failed optional dependency /Users/timodiepers/Documents/Coding/grid-expansion-impacts-explorer/node_modules/@tailwindcss/oxide-linux-arm-gnueabihf
69 silly reify mark deleted [
69 silly reify   '/Users/timodiepers/Documents/Coding/grid-expansion-impacts-explorer/node_modules/@tailwindcss/oxide-linux-arm-gnueabihf'
69 silly reify ]
70 verbose reify failed optional dependency /Users/timodiepers/Documents/Coding/grid-expansion-impacts-explorer/node_modules/@tailwindcss/oxide-freebsd-x64
71 silly reify mark deleted [
71 silly reify   '/Users/timodiepers/Documents/Coding/grid-expansion-impacts-explorer/node_modules/@tailwindcss/oxide-freebsd-x64'
71 silly reify ]
72 verbose reify failed optional dependency /Users/timodiepers/Documents/Coding/grid-expansion-impacts-explorer/node_modules/@tailwindcss/oxide-darwin-x64
73 silly reify mark deleted [
73 silly reify   '/Users/timodiepers/Documents/Coding/grid-expansion-impacts-explorer/node_modules/@tailwindcss/oxide-darwin-x64'
73 silly reify ]
74 verbose reify failed optional dependency /Users/timodiepers/Documents/Coding/grid-expansion-impacts-explorer/node_modules/@tailwindcss/oxide-android-arm64
75 silly reify mark deleted [
75 silly reify   '/Users/timodiepers/Documents/Coding/grid-expansion-impacts-explorer/node_modules/@tailwindcss/oxide-android-arm64'
75 silly reify ]
76 verbose reify failed optional dependency /Users/timodiepers/Documents/Coding/grid-expansion-impacts-explorer/node_modules/@rollup/rollup-win32-x64-msvc
77 silly reify mark deleted [
77 silly reify   '/Users/timodiepers/Documents/Coding/grid-expansion-impacts-explorer/node_modules/@rollup/rollup-win32-x64-msvc'
77 silly reify ]
78 verbose reify failed optional dependency /Users/timodiepers/Documents/Coding/grid-expansion-impacts-explorer/node_modules/@rollup/rollup-win32-x64-gnu
79 silly reify mark deleted [
79 silly reify   '/Users/timodiepers/Documents/Coding/grid-expansion-impacts-explorer/node_modules/@rollup/rollup-win32-x64-gnu'
79 silly reify ]
80 verbose reify failed optional dependency /Users/timodiepers/Documents/Coding/grid-expansion-impacts-explorer/node_modules/@rollup/rollup-win32-ia32-msvc
81 silly reify mark deleted [
81 silly reify   '/Users/timodiepers/Documents/Coding/grid-expansion-impacts-explorer/node_modules/@rollup/rollup-win32-ia32-msvc'
81 silly reify ]
82 verbose reify failed optional dependency /Users/timodiepers/Documents/Coding/grid-expansion-impacts-explorer/node_modules/@rollup/rollup-win32-arm64-msvc
83 silly reify mark deleted [
83 silly reify   '/Users/timodiepers/Documents/Coding/grid-expansion-impacts-explorer/node_modules/@rollup/rollup-win32-arm64-msvc'
83 silly reify ]
84 verbose reify failed optional dependency /Users/timodiepers/Documents/Coding/grid-expansion-impacts-explorer/node_modules/@rollup/rollup-openharmony-arm64
85 silly reify mark deleted [
85 silly reify   '/Users/timodiepers/Documents/Coding/grid-expansion-impacts-explorer/node_modules/@rollup/rollup-openharmony-arm64'
85 silly reify ]
86 verbose reify failed optional dependency /Users/timodiepers/Documents/Coding/grid-expansion-impacts-explorer/node_modules/@rollup/rollup-linux-x64-musl
87 silly reify mark deleted [
87 silly reify   '/Users/timodiepers/Documents/Coding/grid-expansion-impacts-explorer/node_modules/@rollup/rollup-linux-x64-musl'
87 silly reify ]
88 verbose reify failed optional dependency /Users/timodiepers/Documents/Coding/grid-expansion-impacts-explorer/node_modules/@rollup/rollup-linux-x64-gnu
89 silly reify mark deleted [
89 silly reify   '/Users/timodiepers/Documents/Coding/grid-expansion-impacts-explorer/node_modules/@rollup/rollup-linux-x64-gnu'
89 silly reify ]
90 verbose reify failed optional dependency /Users/timodiepers/Documents/Coding/grid-expansion-impacts-explorer/node_modules/@rollup/rollup-linux-s390x-gnu
91 silly reify mark deleted [
91 silly reify   '/Users/timodiepers/Documents/Coding/grid-expansion-impacts-explorer/node_modules/@rollup/rollup-linux-s390x-gnu'
91 silly reify ]
92 verbose reify failed optional dependency /Users/timodiepers/Documents/Coding/grid-expansion-impacts-explorer/node_modules/@rollup/rollup-linux-riscv64-musl
93 silly reify mark deleted [
93 silly reify   '/Users/timodiepers/Documents/Coding/grid-expansion-impacts-explorer/node_modules/@rollup/rollup-linux-riscv64-musl'
93 silly reify ]
94 verbose reify failed optional dependency /Users/timodiepers/Documents/Coding/grid-expansion-impacts-explorer/node_modules/@rollup/rollup-linux-riscv64-gnu
95 silly reify mark deleted [
95 silly reify   '/Users/timodiepers/Documents/Coding/grid-expansion-impacts-explorer/node_modules/@rollup/rollup-linux-riscv64-gnu'
95 silly reify ]
96 verbose reify failed optional dependency /Users/timodiepers/Documents/Coding/grid-expansion-impacts-explorer/node_modules/@rollup/rollup-linux-ppc64-gnu
97 silly reify mark deleted [
97 silly reify   '/Users/timodiepers/Documents/Coding/grid-expansion-impacts-explorer/node_modules/@rollup/rollup-linux-ppc64-gnu'
97 silly reify ]
98 verbose reify failed optional dependency /Users/timodiepers/Documents/Coding/grid-expansion-impacts-explorer/node_modules/@rollup/rollup-linux-loong64-gnu
99 silly reify mark deleted [
99 silly reify   '/Users/timodiepers/Documents/Coding/grid-expansion-impacts-explorer/node_modules/@rollup/rollup-linux-loong64-gnu'
99 silly reify ]
100 verbose reify failed optional dependency /Users/timodiepers/Documents/Coding/grid-expansion-impacts-explorer/node_modules/@rollup/rollup-linux-arm64-musl
101 silly reify mark deleted [
101 silly reify   '/Users/timodiepers/Documents/Coding/grid-expansion-impacts-explorer/node_modules/@rollup/rollup-linux-arm64-musl'
101 silly reify ]
102 verbose reify failed optional dependency /Users/timodiepers/Documents/Coding/grid-expansion-impacts-explorer/node_modules/@rollup/rollup-linux-arm64-gnu
103 silly reify mark deleted [
103 silly reify   '/Users/timodiepers/Documents/Coding/grid-expansion-impacts-explorer/node_modules/@rollup/rollup-linux-arm64-gnu'
103 silly reify ]
104 verbose reify failed optional dependency /Users/timodiepers/Documents/Coding/grid-expansion-impacts-explorer/node_modules/@rollup/rollup-linux-arm-musleabihf
105 silly reify mark deleted [
105 silly reify   '/Users/timodiepers/Documents/Coding/grid-expansion-impacts-explorer/node_modules/@rollup/rollup-linux-arm-musleabihf'
105 silly reify ]
106 verbose reify failed optional dependency /Users/timodiepers/Documents/Coding/grid-expansion-impacts-explorer/node_modules/@rollup/rollup-linux-arm-gnueabihf
107 silly reify mark deleted [
107 silly reify   '/Users/timodiepers/Documents/Coding/grid-expansion-impacts-explorer/node_modules/@rollup/rollup-linux-arm-gnueabihf'
107 silly reify ]
108 verbose reify failed optional dependency /Users/timodiepers/Documents/Coding/grid-expansion-impacts-explorer/node_modules/@rollup/rollup-freebsd-x64
109 silly reify mark deleted [
109 silly reify   '/Users/timodiepers/Documents/Coding/grid-expansion-impacts-explorer/node_modules/@rollup/rollup-freebsd-x64'
109 silly reify ]
110 verbose reify failed optional dependency /Users/timodiepers/Documents/Coding/grid-expansion-impacts-explorer/node_modules/@rollup/rollup-freebsd-arm64
111 silly reify mark deleted [
111 silly reify   '/Users/timodiepers/Documents/Coding/grid-expansion-impacts-explorer/node_modules/@rollup/rollup-freebsd-arm64'
111 silly reify ]
112 verbose reify failed optional dependency /Users/timodiepers/Documents/Coding/grid-expansion-impacts-explorer/node_modules/@rollup/rollup-darwin-x64
113 silly reify mark deleted [
113 silly reify   '/Users/timodiepers/Documents/Coding/grid-expansion-impacts-explorer/node_modules/@rollup/rollup-darwin-x64'
113 silly reify ]
114 verbose reify failed optional dependency /Users/timodiepers/Documents/Coding/grid-expansion-impacts-explorer/node_modules/@rollup/rollup-android-arm64
115 silly reify mark deleted [
115 silly reify   '/Users/timodiepers/Documents/Coding/grid-expansion-impacts-explorer/node_modules/@rollup/rollup-android-arm64'
115 silly reify ]
116 verbose reify failed optional dependency /Users/timodiepers/Documents/Coding/grid-expansion-impacts-explorer/node_modules/@rollup/rollup-android-arm-eabi
117 silly reify mark deleted [
117 silly reify   '/Users/timodiepers/Documents/Coding/grid-expansion-impacts-explorer/node_modules/@rollup/rollup-android-arm-eabi'
117 silly reify ]
118 verbose reify failed optional dependency /Users/timodiepers/Documents/Coding/grid-expansion-impacts-explorer/node_modules/@esbuild/win32-x64
119 silly reify mark deleted [
119 silly reify   '/Users/timodiepers/Documents/Coding/grid-expansion-impacts-explorer/node_modules/@esbuild/win32-x64'
119 silly reify ]
120 verbose reify failed optional dependency /Users/timodiepers/Documents/Coding/grid-expansion-impacts-explorer/node_modules/@esbuild/win32-ia32
121 silly reify mark deleted [
121 silly reify   '/Users/timodiepers/Documents/Coding/grid-expansion-impacts-explorer/node_modules/@esbuild/win32-ia32'
121 silly reify ]
122 verbose reify failed optional dependency /Users/timodiepers/Documents/Coding/grid-expansion-impacts-explorer/node_modules/@esbuild/win32-arm64
123 silly reify mark deleted [
123 silly reify   '/Users/timodiepers/Documents/Coding/grid-expansion-impacts-explorer/node_modules/@esbuild/win32-arm64'
123 silly reify ]
124 verbose reify failed optional dependency /Users/timodiepers/Documents/Coding/grid-expansion-impacts-explorer/node_modules/@esbuild/sunos-x64
125 silly reify mark deleted [
125 silly reify   '/Users/timodiepers/Documents/Coding/grid-expansion-impacts-explorer/node_modules/@esbuild/sunos-x64'
125 silly reify ]
126 verbose reify failed optional dependency /Users/timodiepers/Documents/Coding/grid-expansion-impacts-explorer/node_modules/@esbuild/openharmony-arm64
127 silly reify mark deleted [
127 silly reify   '/Users/timodiepers/Documents/Coding/grid-expansion-impacts-explorer/node_modules/@esbuild/openharmony-arm64'
127 silly reify ]
128 verbose reify failed optional dependency /Users/timodiepers/Documents/Coding/grid-expansion-impacts-explorer/node_modules/@esbuild/openbsd-x64
129 silly reify mark deleted [
129 silly reify   '/Users/timodiepers/Documents/Coding/grid-expansion-impacts-explorer/node_modules/@esbuild/openbsd-x64'
129 silly reify ]
130 verbose reify failed optional dependency /Users/timodiepers/Documents/Coding/grid-expansion-impacts-explorer/node_modules/@esbuild/openbsd-arm64
131 silly reify mark deleted [
131 silly reify   '/Users/timodiepers/Documents/Coding/grid-expansion-impacts-explorer/node_modules/@esbuild/openbsd-arm64'
131 silly reify ]
132 verbose reify failed optional dependency /Users/timodiepers/Documents/Coding/grid-expansion-impacts-explorer/node_modules/@esbuild/netbsd-x64
133 silly reify mark deleted [
133 silly reify   '/Users/timodiepers/Documents/Coding/grid-expansion-impacts-explorer/node_modules/@esbuild/netbsd-x64'
133 silly reify ]
134 verbose reify failed optional dependency /Users/timodiepers/Documents/Coding/grid-expansion-impacts-explorer/node_modules/@esbuild/netbsd-arm64
135 silly reify mark deleted [
135 silly reify   '/Users/timodiepers/Documents/Coding/grid-expansion-impacts-explorer/node_modules/@esbuild/netbsd-arm64'
135 silly reify ]
136 verbose reify failed optional dependency /Users/timodiepers/Documents/Coding/grid-expansion-impacts-explorer/node_modules/@esbuild/linux-x64
137 silly reify mark deleted [
137 silly reify   '/Users/timodiepers/Documents/Coding/grid-expansion-impacts-explorer/node_modules/@esbuild/linux-x64'
137 silly reify ]
138 verbose reify failed optional dependency /Users/timodiepers/Documents/Coding/grid-expansion-impacts-explorer/node_modules/@esbuild/linux-s390x
139 silly reify mark deleted [
139 silly reify   '/Users/timodiepers/Documents/Coding/grid-expansion-impacts-explorer/node_modules/@esbuild/linux-s390x'
139 silly reify ]
140 verbose reify failed optional dependency /Users/timodiepers/Documents/Coding/grid-expansion-impacts-explorer/node_modules/@esbuild/linux-riscv64
141 silly reify mark deleted [
141 silly reify   '/Users/timodiepers/Documents/Coding/grid-expansion-impacts-explorer/node_modules/@esbuild/linux-riscv64'
141 silly reify ]
142 verbose reify failed optional dependency /Users/timodiepers/Documents/Coding/grid-expansion-impacts-explorer/node_modules/@esbuild/linux-ppc64
143 silly reify mark deleted [
143 silly reify   '/Users/timodiepers/Documents/Coding/grid-expansion-impacts-explorer/node_modules/@esbuild/linux-ppc64'
143 silly reify ]
144 verbose reify failed optional dependency /Users/timodiepers/Documents/Coding/grid-expansion-impacts-explorer/node_modules/@esbuild/linux-mips64el
145 silly reify mark deleted [
145 silly reify   '/Users/timodiepers/Documents/Coding/grid-expansion-impacts-explorer/node_modules/@esbuild/linux-mips64el'
145 silly reify ]
146 verbose reify failed optional dependency /Users/timodiepers/Documents/Coding/grid-expansion-impacts-explorer/node_modules/@esbuild/linux-loong64
147 silly reify mark deleted [
147 silly reify   '/Users/timodiepers/Documents/Coding/grid-expansion-impacts-explorer/node_modules/@esbuild/linux-loong64'
147 silly reify ]
148 verbose reify failed optional dependency /Users/timodiepers/Documents/Coding/grid-expansion-impacts-explorer/node_modules/@esbuild/linux-ia32
149 silly reify mark deleted [
149 silly reify   '/Users/timodiepers/Documents/Coding/grid-expansion-impacts-explorer/node_modules/@esbuild/linux-ia32'
149 silly reify ]
150 verbose reify failed optional dependency /Users/timodiepers/Documents/Coding/grid-expansion-impacts-explorer/node_modules/@esbuild/linux-arm64
151 silly reify mark deleted [
151 silly reify   '/Users/timodiepers/Documents/Coding/grid-expansion-impacts-explorer/node_modules/@esbuild/linux-arm64'
151 silly reify ]
152 verbose reify failed optional dependency /Users/timodiepers/Documents/Coding/grid-expansion-impacts-explorer/node_modules/@esbuild/linux-arm
153 silly reify mark deleted [
153 silly reify   '/Users/timodiepers/Documents/Coding/grid-expansion-impacts-explorer/node_modules/@esbuild/linux-arm'
153 silly reify ]
154 verbose reify failed optional dependency /Users/timodiepers/Documents/Coding/grid-expansion-impacts-explorer/node_modules/@esbuild/freebsd-x64
155 silly reify mark deleted [
155 silly reify   '/Users/timodiepers/Documents/Coding/grid-expansion-impacts-explorer/node_modules/@esbuild/freebsd-x64'
155 silly reify ]
156 verbose reify failed optional dependency /Users/timodiepers/Documents/Coding/grid-expansion-impacts-explorer/node_modules/@esbuild/freebsd-arm64
157 silly reify mark deleted [
157 silly reify   '/Users/timodiepers/Documents/Coding/grid-expansion-impacts-explorer/node_modules/@esbuild/freebsd-arm64'
157 silly reify ]
158 verbose reify failed optional dependency /Users/timodiepers/Documents/Coding/grid-expansion-impacts-explorer/node_modules/@esbuild/darwin-x64
159 silly reify mark deleted [
159 silly reify   '/Users/timodiepers/Documents/Coding/grid-expansion-impacts-explorer/node_modules/@esbuild/darwin-x64'
159 silly reify ]
160 verbose reify failed optional dependency /Users/timodiepers/Documents/Coding/grid-expansion-impacts-explorer/node_modules/@esbuild/android-x64
161 silly reify mark deleted [
161 silly reify   '/Users/timodiepers/Documents/Coding/grid-expansion-impacts-explorer/node_modules/@esbuild/android-x64'
161 silly reify ]
162 verbose reify failed optional dependency /Users/timodiepers/Documents/Coding/grid-expansion-impacts-explorer/node_modules/@esbuild/android-arm64
163 silly reify mark deleted [
163 silly reify   '/Users/timodiepers/Documents/Coding/grid-expansion-impacts-explorer/node_modules/@esbuild/android-arm64'
163 silly reify ]
164 verbose reify failed optional dependency /Users/timodiepers/Documents/Coding/grid-expansion-impacts-explorer/node_modules/@esbuild/android-arm
165 silly reify mark deleted [
165 silly reify   '/Users/timodiepers/Documents/Coding/grid-expansion-impacts-explorer/node_modules/@esbuild/android-arm'
165 silly reify ]
166 verbose reify failed optional dependency /Users/timodiepers/Documents/Coding/grid-expansion-impacts-explorer/node_modules/@esbuild/aix-ppc64
167 silly reify mark deleted [
167 silly reify   '/Users/timodiepers/Documents/Coding/grid-expansion-impacts-explorer/node_modules/@esbuild/aix-ppc64'
167 silly reify ]
168 silly tarball no local data for @types/d3-sankey@https://registry.npmjs.org/@types/d3-sankey/-/d3-sankey-0.12.5.tgz. Extracting by manifest.
169 silly tarball no local data for @types/d3-path@https://registry.npmjs.org/@types/d3-path/-/d3-path-1.0.11.tgz. Extracting by manifest.
170 silly tarball no local data for @types/d3-shape@https://registry.npmjs.org/@types/d3-shape/-/d3-shape-1.3.12.tgz. Extracting by manifest.
171 http fetch GET 200 https://registry.npmjs.org/@types/d3-sankey/-/d3-sankey-0.12.5.tgz 68ms (cache miss)
172 http fetch GET 200 https://registry.npmjs.org/@types/d3-path/-/d3-path-1.0.11.tgz 88ms (cache miss)
173 http fetch GET 200 https://registry.npmjs.org/@types/d3-shape/-/d3-shape-1.3.12.tgz 89ms (cache miss)
174 http fetch POST 200 https://registry.npmjs.org/-/npm/v1/security/advisories/bulk 200ms
175 silly audit report {}
176 silly ADD node_modules/@types/d3-sankey
177 silly ADD node_modules/@types/d3-sankey/node_modules/@types/d3-path
178 silly ADD node_modules/@types/d3-sankey/node_modules/@types/d3-shape
179 silly ADD
180 silly ADD
181 silly ADD
182 silly ADD
183 silly ADD
184 silly ADD
185 silly ADD
186 silly ADD
187 silly ADD
188 silly ADD
189 silly ADD
190 silly ADD
191 silly ADD
192 silly ADD
193 silly ADD
194 silly ADD
195 silly ADD
196 silly ADD
197 silly ADD
198 silly ADD
199 silly ADD
200 silly ADD
201 silly ADD
202 silly ADD
203 silly ADD
204 silly ADD
205 silly ADD
206 silly ADD
207 silly ADD
208 silly ADD
209 silly ADD
210 silly ADD
211 silly ADD
212 silly ADD
213 silly ADD
214 silly ADD
215 silly ADD
216 silly ADD
217 silly ADD
218 silly ADD
219 silly ADD
220 silly ADD
221 silly ADD
222 silly ADD
223 silly ADD
224 silly ADD
225 silly ADD
226 silly ADD
227 silly ADD
228 silly ADD
229 silly ADD
230 silly ADD
231 silly ADD
232 silly ADD
233 silly ADD
234 silly ADD
235 silly ADD
236 silly ADD
237 silly ADD
238 silly ADD
239 silly ADD
240 silly ADD
241 silly ADD
242 silly ADD
243 silly ADD
244 silly ADD
245 silly ADD
246 verbose cwd /Users/timodiepers/Documents/Coding/grid-expansion-impacts-explorer
247 verbose os Darwin 25.1.0
248 verbose node v22.5.1
249 verbose npm  v10.9.0
250 notice
250 notice New major version of npm available! 10.9.0 -> 11.6.4
250 notice Changelog: https://github.com/npm/cli/releases/tag/v11.6.4
250 notice To update run: npm install -g npm@11.6.4
250 notice  { force: true, [Symbol(proc-log.meta)]: true }
251 verbose exit 0
252 info ok
